Start testing: Oct 14 14:49 MDT
----------------------------------------------------------
1/7 Testing: exodus
1/7 Test: exodus
Command: "/home/berndt/ASCEM-Code/amanzi/src/exodus/test_exodus"
Directory: /home/berndt/ASCEM-Code/amanzi/src/exodus
"exodus" start time: Oct 14 14:49 MDT
Output:
----------------------------------------------------------
/home/berndt/ASCEM-Code/amanzi/src/exodus/test/test_Reader.cc:38: error: Failure in Parameters: Unhandled exception: Unknown Exodus Error (-1)

/home/berndt/ASCEM-Code/amanzi/src/exodus/test/test_Reader.cc:54: error: Failure in Side_Sets: Unhandled exception: Unknown Exodus Error (-1)

/home/berndt/ASCEM-Code/amanzi/src/exodus/test/test_Reader.cc:96: error: Failure in Parameters: Unhandled exception: Unknown Exodus Error (-1)

/home/berndt/ASCEM-Code/amanzi/src/exodus/test/test_Reader.cc:112: error: Failure in Side_Sets: Unhandled exception: Unknown Exodus Error (-1)

FAILURE: 4 out of 4 tests failed (4 failures).
Test time: 0.00 seconds.
<end of output>
Test time =   0.00 sec
----------------------------------------------------------
Test Failed.
"exodus" end time: Oct 14 14:49 MDT
"exodus" time elapsed: 00:00:00
----------------------------------------------------------

2/7 Testing: mesh_data
2/7 Test: mesh_data
Command: "/home/berndt/ASCEM-Code/amanzi/src/mesh_data/test_mesh_data"
Directory: /home/berndt/ASCEM-Code/amanzi/src/mesh_data
"mesh_data" start time: Oct 14 14:49 MDT
Output:
----------------------------------------------------------
Success: 12 tests passed.
Test time: 0.00 seconds.
<end of output>
Test time =   0.00 sec
----------------------------------------------------------
Test Passed.
"mesh_data" end time: Oct 14 14:49 MDT
"mesh_data" time elapsed: 00:00:00
----------------------------------------------------------

3/7 Testing: stk_mesh
3/7 Test: stk_mesh
Command: "/home/berndt/ASCEM-Code/amanzi/src/stk_mesh/test_stk_mesh"
Directory: /home/berndt/ASCEM-Code/amanzi/src/stk_mesh
"stk_mesh" start time: Oct 14 14:49 MDT
Output:
----------------------------------------------------------
Success: 5 tests passed.
Test time: 0.01 seconds.
<end of output>
Test time =   0.04 sec
----------------------------------------------------------
Test Passed.
"stk_mesh" end time: Oct 14 14:49 MDT
"stk_mesh" time elapsed: 00:00:00
----------------------------------------------------------

4/7 Testing: chemistry
4/7 Test: chemistry
Command: "/home/berndt/ASCEM-Code/amanzi/src/chemistry/test_chemistry"
Directory: /home/berndt/ASCEM-Code/amanzi/src/chemistry
"chemistry" start time: Oct 14 14:49 MDT
Output:
----------------------------------------------------------
Teuchos::GlobalMPISession::GlobalMPISession(): started processor with name holgi.lanl.gov and rank 0!
/home/berndt/ASCEM-Code/amanzi/src/chemistry/test/test_example.cpp:57: error: Failure in EXAMPLE3: Expected 1 but was 2
/home/berndt/ASCEM-Code/amanzi/src/chemistry/test/test_example.cpp:58: error: Failure in EXAMPLE3: Expected 1 +/- 0.0001 but was 2
FAILURE: 1 out of 3 tests failed (2 failures).
Test time: 0.00 seconds.
<end of output>
Test time =   0.03 sec
----------------------------------------------------------
Test Failed.
"chemistry" end time: Oct 14 14:49 MDT
"chemistry" time elapsed: 00:00:00
----------------------------------------------------------

5/7 Testing: transport
5/7 Test: transport
Command: "/home/berndt/ASCEM-Code/amanzi/src/transport/test_transport"
Directory: /home/berndt/ASCEM-Code/amanzi/src/transport
"transport" start time: Oct 14 14:49 MDT
Output:
----------------------------------------------------------
Teuchos::GlobalMPISession::GlobalMPISession(): started processor with name holgi.lanl.gov and rank 0!
/home/berndt/ASCEM-Code/amanzi/src/transport/test/test_example.cpp:57: error: Failure in EXAMPLE3: Expected 1 but was 2
/home/berndt/ASCEM-Code/amanzi/src/transport/test/test_example.cpp:58: error: Failure in EXAMPLE3: Expected 1 +/- 0.0001 but was 2
FAILURE: 1 out of 3 tests failed (2 failures).
Test time: 0.00 seconds.
<end of output>
Test time =   0.03 sec
----------------------------------------------------------
Test Failed.
"transport" end time: Oct 14 14:49 MDT
"transport" time elapsed: 00:00:00
----------------------------------------------------------

6/7 Testing: boundary_conditions
6/7 Test: boundary_conditions
Command: "/home/berndt/ASCEM-Code/amanzi/src/boundary_conditions/test_boundary_conditions"
Directory: /home/berndt/ASCEM-Code/amanzi/src/boundary_conditions
"boundary_conditions" start time: Oct 14 14:49 MDT
Output:
----------------------------------------------------------
Success: 3 tests passed.
Test time: 0.00 seconds.
<end of output>
Test time =   0.00 sec
----------------------------------------------------------
Test Passed.
"boundary_conditions" end time: Oct 14 14:49 MDT
"boundary_conditions" time elapsed: 00:00:00
----------------------------------------------------------

7/7 Testing: flow
7/7 Test: flow
Command: "/home/berndt/ASCEM-Code/amanzi/src/flow/test_flow"
Directory: /home/berndt/ASCEM-Code/amanzi/src/flow
"flow" start time: Oct 14 14:49 MDT
Output:
----------------------------------------------------------
Teuchos::GlobalMPISession::GlobalMPISession(): started processor with name holgi.lanl.gov and rank 0!
type...     pressure Dirichlet constant
value...    -2
side set... 3

type...     pressure Dirichlet constant
value...    2
side set... 1

type...     pressure Neuman constant
value...    1
side set... 2

Success: 6 tests passed.
Test time: 0.00 seconds.
<end of output>
Test time =   0.03 sec
----------------------------------------------------------
Test Passed.
"flow" end time: Oct 14 14:49 MDT
"flow" time elapsed: 00:00:00
----------------------------------------------------------

End testing: Oct 14 14:49 MDT
End testing: Oct 19 10:17 MDT
